<?xml version="1.0" encoding="UTF-8"?>
<testng-results skipped="0" failed="0" ignored="0" total="5" passed="5">
  <reporter-output>
  </reporter-output>
  <suite name="Default suite" duration-ms="16230" started-at="2018-06-28T11:41:01Z" finished-at="2018-06-28T11:41:17Z">
    <groups>
    </groups>
    <test name="Default test" duration-ms="16230" started-at="2018-06-28T11:41:01Z" finished-at="2018-06-28T11:41:17Z">
      <class name="AdvanceTatocTest.TatocAdvanceCourseTest">
        <test-method status="PASS" signature="DriverInitialization()[pri:0, instance:AdvanceTatocTest.TatocAdvanceCourseTest@5c3bd550]" name="DriverInitialization" is-config="true" duration-ms="5575" started-at="2018-06-28T11:41:01Z" finished-at="2018-06-28T11:41:07Z">
          <reporter-output>
          </reporter-output>
        </test-method> <!-- DriverInitialization -->
        <test-method status="PASS" signature="checkAfterClickingAdvanceCourse()[pri:0, instance:AdvanceTatocTest.TatocAdvanceCourseTest@5c3bd550]" name="checkAfterClickingAdvanceCourse" duration-ms="480" started-at="2018-06-28T11:41:07Z" finished-at="2018-06-28T11:41:07Z">
          <reporter-output>
          </reporter-output>
        </test-method> <!-- checkAfterClickingAdvanceCourse -->
        <test-method status="PASS" signature="checkAfterClickingGonextInMenu2InHoverPage()[pri:0, instance:AdvanceTatocTest.TatocAdvanceCourseTest@5c3bd550]" name="checkAfterClickingGonextInMenu2InHoverPage" duration-ms="294" started-at="2018-06-28T11:41:07Z" depends-on-methods="AdvanceTatocTest.TatocAdvanceCourseTest.checkAfterClickingAdvanceCourse" finished-at="2018-06-28T11:41:07Z">
          <reporter-output>
          </reporter-output>
        </test-method> <!-- checkAfterClickingGonextInMenu2InHoverPage -->
        <test-method status="PASS" signature="checkAfterRetrievingValidDataFromDatabaseAbdSubmittingInQueryGatePage()[pri:0, instance:AdvanceTatocTest.TatocAdvanceCourseTest@5c3bd550]" name="checkAfterRetrievingValidDataFromDatabaseAbdSubmittingInQueryGatePage" duration-ms="1150" started-at="2018-06-28T11:41:07Z" depends-on-methods="AdvanceTatocTest.TatocAdvanceCourseTest.checkAfterClickingGonextInMenu2InHoverPage" finished-at="2018-06-28T11:41:08Z">
          <reporter-output>
          </reporter-output>
        </test-method> <!-- checkAfterRetrievingValidDataFromDatabaseAbdSubmittingInQueryGatePage -->
        <test-method status="PASS" signature="checkAfterGettingTokenForCurrentSessionIdAndRegisterRestService()[pri:0, instance:AdvanceTatocTest.TatocAdvanceCourseTest@5c3bd550]" name="checkAfterGettingTokenForCurrentSessionIdAndRegisterRestService" duration-ms="3187" started-at="2018-06-28T11:41:08Z" depends-on-methods="AdvanceTatocTest.TatocAdvanceCourseTest.checkAfterRetrievingValidDataFromDatabaseAbdSubmittingInQueryGatePage" finished-at="2018-06-28T11:41:12Z">
          <reporter-output>
          </reporter-output>
        </test-method> <!-- checkAfterGettingTokenForCurrentSessionIdAndRegisterRestService -->
        <test-method status="PASS" signature="checkAfterDownloadingFileAndAddingSignature()[pri:0, instance:AdvanceTatocTest.TatocAdvanceCourseTest@5c3bd550]" name="checkAfterDownloadingFileAndAddingSignature" duration-ms="5507" started-at="2018-06-28T11:41:12Z" depends-on-methods="AdvanceTatocTest.TatocAdvanceCourseTest.checkAfterGettingTokenForCurrentSessionIdAndRegisterRestService" finished-at="2018-06-28T11:41:17Z">
          <reporter-output>
          </reporter-output>
        </test-method> <!-- checkAfterDownloadingFileAndAddingSignature -->
      </class> <!-- AdvanceTatocTest.TatocAdvanceCourseTest -->
    </test> <!-- Default test -->
  </suite> <!-- Default suite -->
</testng-results>
