<?xml version="1.0" encoding="UTF-8"?>
<!-- Generated by org.testng.reporters.JUnitXMLReporter -->
<testsuite hostname="HPDB0273" ignored="0" name="Default test" tests="5" failures="0" timestamp="28 Jun 2018 11:41:17 GMT" time="16.23" errors="0">
  <testcase name="checkAfterClickingAdvanceCourse" time="0.48" classname="AdvanceTatocTest.TatocAdvanceCourseTest"/>
  <testcase name="checkAfterClickingGonextInMenu2InHoverPage" time="0.294" classname="AdvanceTatocTest.TatocAdvanceCourseTest"/>
  <testcase name="checkAfterRetrievingValidDataFromDatabaseAbdSubmittingInQueryGatePage" time="1.15" classname="AdvanceTatocTest.TatocAdvanceCourseTest"/>
  <testcase name="checkAfterGettingTokenForCurrentSessionIdAndRegisterRestService" time="3.187" classname="AdvanceTatocTest.TatocAdvanceCourseTest"/>
  <testcase name="checkAfterDownloadingFileAndAddingSignature" time="5.507" classname="AdvanceTatocTest.TatocAdvanceCourseTest"/>
</testsuite> <!-- Default test -->
