<?xml version="1.0" encoding="UTF-8"?>
<!-- Generated by org.testng.reporters.JUnitXMLReporter -->
<testsuite hostname="HPDB0273" ignored="0" name="Default test" tests="3" failures="0" timestamp="27 Jun 2018 06:27:56 GMT" time="10.449" errors="0">
  <testcase name="checkAfterClickingAdvanceCourse" time="0.351" classname="AdvanceTatocTest.TatocAdvanceCourseTest"/>
  <testcase name="checkAfterClickingGonextInMenu2InHoverPage" time="0.281" classname="AdvanceTatocTest.TatocAdvanceCourseTest"/>
  <testcase name="checkAfterRetrievingValidDataFromDatabaseAbdSubmittingInQueryGatePage" time="1.306" classname="AdvanceTatocTest.TatocAdvanceCourseTest"/>
</testsuite> <!-- Default test -->
